cd+++++++++ ./
>f+++++++++ README
>f+++++++++ index.html
>f+++++++++ index.json
cd+++++++++ by/
cd+++++++++ by/dist/
>f+++++++++ by/dist/pair.json
>f+++++++++ by/dist/pg_french_datatypes.json
>f+++++++++ by/dist/tinyint.json
cd+++++++++ by/extension/
>f+++++++++ by/extension/pair.json
>f+++++++++ by/extension/pg_french_datatypes.json
>f+++++++++ by/extension/tinyint.json
cd+++++++++ by/owner/
>f+++++++++ by/owner/daamien.json
>f+++++++++ by/owner/theory.json
>f+++++++++ by/owner/umitanuki.json
cd+++++++++ by/tag/
>f+++++++++ by/tag/data types.json
>f+++++++++ by/tag/france.json
>f+++++++++ by/tag/key value pair.json
>f+++++++++ by/tag/key value.json
>f+++++++++ by/tag/ordered pair.json
>f+++++++++ by/tag/pair.json
>f+++++++++ by/tag/variadic function.json
cd+++++++++ dist/
cd+++++++++ dist/pair/
>f+++++++++ dist/pair/pair-0.1.0.json
>f+++++++++ dist/pair/pair-0.1.0.pgz
>f+++++++++ dist/pair/pair-0.1.0.readme
>f+++++++++ dist/pair/pair-0.1.1.json
>f+++++++++ dist/pair/pair-0.1.1.pgz
>f+++++++++ dist/pair/pair-0.1.1.readme
cd+++++++++ dist/pg_french_datatypes/
>f+++++++++ dist/pg_french_datatypes/pg_french_datatypes-0.1.0.json
>f+++++++++ dist/pg_french_datatypes/pg_french_datatypes-0.1.0.pgz
>f+++++++++ dist/pg_french_datatypes/pg_french_datatypes-0.1.0.readme
>f+++++++++ dist/pg_french_datatypes/pg_french_datatypes-0.1.1.json
>f+++++++++ dist/pg_french_datatypes/pg_french_datatypes-0.1.1.pgz
>f+++++++++ dist/pg_french_datatypes/pg_french_datatypes-0.1.1.readme
cd+++++++++ dist/tinyint/
>f+++++++++ dist/tinyint/tinyint-0.1.0.json
>f+++++++++ dist/tinyint/tinyint-0.1.0.pgz
cd+++++++++ meta/
>f+++++++++ meta/mirrors.json
>f+++++++++ meta/timestamp
